<?xml version="1.0" encoding="utf-8"?><testsuites name="pytest tests"><testsuite name="pytest" errors="0" failures="0" skipped="0" tests="10" time="6.035" timestamp="2026-06-18T16:49:17.870029+00:00" hostname="agent-env-18d733df-ec33-40bd-ba6f-f6f6042c7883"><testcase classname="backend.tests.test_cancel_ride_flow.TestAuth" name="test_driver_login" time="0.610" /><testcase classname="backend.tests.test_cancel_ride_flow.TestAuth" name="test_passenger_login" time="0.311" /><testcase classname="backend.tests.test_cancel_ride_flow.TestDriverStats" name="test_get_driver_stats" time="0.590" /><testcase classname="backend.tests.test_cancel_ride_flow.TestDriverStats" name="test_stats_requires_auth" time="0.070" /><testcase classname="backend.tests.test_cancel_ride_flow.TestActiveRideEndpoint" name="test_active_when_none" time="0.086" /><testcase classname="backend.tests.test_cancel_ride_flow.TestCancelFlow" name="test_passenger_cancels_pending_ride" time="0.869" /><testcase classname="backend.tests.test_cancel_ride_flow.TestCancelFlow" name="test_passenger_cancels_accepted_ride_frees_driver" time="1.976" /><testcase classname="backend.tests.test_cancel_ride_flow.TestCancelFlow" name="test_cancel_unauthorized_user" time="0.927" /><testcase classname="backend.tests.test_cancel_ride_flow.TestCancelFlow" name="test_cancel_nonexistent_ride" time="0.087" /><testcase classname="backend.tests.test_cancel_ride_flow.TestCancelFlow" name="test_cancel_already_cancelled" time="0.450" /></testsuite></testsuites>