<?xml version="1.0" encoding="utf-8"?><testsuites name="pytest tests"><testsuite name="pytest" errors="0" failures="1" skipped="0" tests="24" time="13.941" timestamp="2026-03-01T13:31:52.593493+00:00" hostname="agent-env-18d733df-ec33-40bd-ba6f-f6f6042c7883"><testcase classname="backend.tests.test_allogo_core.TestAuthentication" name="test_passenger_login_success" time="0.488" /><testcase classname="backend.tests.test_allogo_core.TestAuthentication" name="test_driver_login_success" time="0.578" /><testcase classname="backend.tests.test_allogo_core.TestAuthentication" name="test_admin_login_success" time="0.401" /><testcase classname="backend.tests.test_allogo_core.TestAuthentication" name="test_login_invalid_credentials" time="0.147" /><testcase classname="backend.tests.test_allogo_core.TestAuthentication" name="test_auth_me_with_token" time="0.496" /><testcase classname="backend.tests.test_allogo_core.TestPassengerOperations" name="test_fare_estimate" time="0.415" /><testcase classname="backend.tests.test_allogo_core.TestPassengerOperations" name="test_fare_estimate_van" time="0.405" /><testcase classname="backend.tests.test_allogo_core.TestPassengerOperations" name="test_get_available_drivers" time="0.424" /><testcase classname="backend.tests.test_allogo_core.TestPassengerOperations" name="test_ride_history" time="0.494" /><testcase classname="backend.tests.test_allogo_core.TestPassengerOperations" name="test_active_ride_check" time="0.566" /><testcase classname="backend.tests.test_allogo_core.TestPassengerOperations" name="test_frequent_trips" time="0.690" /><testcase classname="backend.tests.test_allogo_core.TestPassengerOperations" name="test_scheduled_rides" time="0.477"><failure message="assert 404 == 200&#10; +  where 404 = &lt;Response [404]&gt;.status_code">backend/tests/test_allogo_core.py:157: in test_scheduled_rides
    assert response.status_code == 200
E   assert 404 == 200
E    +  where 404 = &lt;Response [404]&gt;.status_code</failure></testcase><testcase classname="backend.tests.test_allogo_core.TestDriverOperations" name="test_driver_stats" time="0.441" /><testcase classname="backend.tests.test_allogo_core.TestDriverOperations" name="test_update_availability_online" time="0.422" /><testcase classname="backend.tests.test_allogo_core.TestDriverOperations" name="test_update_driver_location" time="0.381" /><testcase classname="backend.tests.test_allogo_core.TestDriverOperations" name="test_get_available_rides" time="2.427" /><testcase classname="backend.tests.test_allogo_core.TestDriverOperations" name="test_driver_active_ride" time="0.575" /><testcase classname="backend.tests.test_allogo_core.TestAdminOperations" name="test_admin_stats_overview" time="0.827" /><testcase classname="backend.tests.test_allogo_core.TestAdminOperations" name="test_admin_driver_stats" time="0.553" /><testcase classname="backend.tests.test_allogo_core.TestAdminOperations" name="test_admin_ride_stats" time="0.516" /><testcase classname="backend.tests.test_allogo_core.TestAdminOperations" name="test_admin_recent_rides" time="0.417" /><testcase classname="backend.tests.test_allogo_core.TestAdminOperations" name="test_admin_non_admin_access_denied" time="0.483" /><testcase classname="backend.tests.test_allogo_core.TestRatingsAndPayments" name="test_get_my_ratings" time="0.528" /><testcase classname="backend.tests.test_allogo_core.TestRatingsAndPayments" name="test_get_favorite_addresses" time="0.526" /></testsuite></testsuites>