<?xml version="1.0" encoding="utf-8"?><testsuites name="pytest tests"><testsuite name="pytest" errors="0" failures="0" skipped="0" tests="7" time="9.051" timestamp="2026-06-13T18:15:14.748991+00:00" hostname="agent-env-18d733df-ec33-40bd-ba6f-f6f6042c7883"><testcase classname="backend.tests.test_refuse_ride" name="test_driver_vehicle_types_compatible" time="2.672" /><testcase classname="backend.tests.test_refuse_ride" name="test_available_rides_initial_state" time="0.174" /><testcase classname="backend.tests.test_refuse_ride" name="test_refuse_flow_end_to_end" time="2.237" /><testcase classname="backend.tests.test_refuse_ride" name="test_refuse_twice_idempotent" time="1.807" /><testcase classname="backend.tests.test_refuse_ride" name="test_refuse_nonexistent_ride_returns_404" time="0.094" /><testcase classname="backend.tests.test_refuse_ride" name="test_refuse_requires_driver_role" time="1.665" /><testcase classname="backend.tests.test_refuse_ride" name="test_refuse_requires_authentication" time="0.347" /></testsuite></testsuites>