<?xml version="1.0" encoding="utf-8"?><testsuites name="pytest tests"><testsuite name="pytest" errors="0" failures="0" skipped="0" tests="10" time="4.037" timestamp="2026-02-25T16:39:57.271414+00:00" hostname="agent-env-18d733df-ec33-40bd-ba6f-f6f6042c7883"><testcase classname="backend.tests.test_new_features.TestNewFeatures" name="test_admin_login" time="0.363" /><testcase classname="backend.tests.test_new_features.TestNewFeatures" name="test_get_drivers_list" time="0.219" /><testcase classname="backend.tests.test_new_features.TestNewFeatures" name="test_deactivate_driver" time="0.186" /><testcase classname="backend.tests.test_new_features.TestNewFeatures" name="test_deactivate_driver_not_found" time="0.100" /><testcase classname="backend.tests.test_new_features.TestNewFeatures" name="test_deactivate_driver_unauthorized" time="0.442" /><testcase classname="backend.tests.test_new_features.TestNewFeatures" name="test_deactivated_driver_not_in_available" time="0.259" /><testcase classname="backend.tests.test_new_features.TestNewFeatures" name="test_get_driver_path_endpoint_exists" time="0.091" /><testcase classname="backend.tests.test_new_features.TestNewFeatures" name="test_driver_location_update_stores_path" time="1.639" /><testcase classname="backend.tests.test_new_features.TestNewFeatures" name="test_driver_path_unauthorized_access" time="0.673" /><testcase classname="backend.tests.test_new_features.TestMapComponentDriverPath" name="test_driver_path_data_structure" time="0.000" /></testsuite></testsuites>