<?xml version="1.0" encoding="utf-8"?><testsuites name="pytest tests"><testsuite name="pytest" errors="0" failures="1" skipped="0" tests="24" time="9.518" timestamp="2026-03-01T17:11:37.846005+00:00" hostname="agent-env-18d733df-ec33-40bd-ba6f-f6f6042c7883"><testcase classname="backend.tests.test_airport_fares_and_core.TestApiHealth" name="test_api_root" time="0.310" /><testcase classname="backend.tests.test_airport_fares_and_core.TestAuthentication" name="test_passenger_login" time="0.598" /><testcase classname="backend.tests.test_airport_fares_and_core.TestAuthentication" name="test_driver_login" time="0.617" /><testcase classname="backend.tests.test_airport_fares_and_core.TestAuthentication" name="test_admin_login" time="0.452" /><testcase classname="backend.tests.test_airport_fares_and_core.TestAuthentication" name="test_invalid_login" time="0.145" /><testcase classname="backend.tests.test_airport_fares_and_core.TestAuthentication" name="test_auth_me_endpoint" time="0.577" /><testcase classname="backend.tests.test_airport_fares_and_core.TestTaxiAirportFlatRates" name="test_tour_eiffel_to_cdg_is_rive_gauche" time="0.096" /><testcase classname="backend.tests.test_airport_fares_and_core.TestTaxiAirportFlatRates" name="test_champs_elysees_to_cdg_is_rive_droite" time="0.155" /><testcase classname="backend.tests.test_airport_fares_and_core.TestTaxiAirportFlatRates" name="test_orly_to_paris_rive_droite" time="0.197" /><testcase classname="backend.tests.test_airport_fares_and_core.TestTaxiAirportFlatRates" name="test_orly_to_paris_rive_gauche" time="0.132" /><testcase classname="backend.tests.test_airport_fares_and_core.TestTaxiAirportFlatRates" name="test_cdg_to_tour_eiffel_reverse_direction" time="0.109" /><testcase classname="backend.tests.test_airport_fares_and_core.TestVTCFareEstimation" name="test_vtc_standard_fare" time="0.148" /><testcase classname="backend.tests.test_airport_fares_and_core.TestVTCFareEstimation" name="test_vtc_van_fare" time="0.118" /><testcase classname="backend.tests.test_airport_fares_and_core.TestDriverAvailability" name="test_set_driver_available" time="0.806" /><testcase classname="backend.tests.test_airport_fares_and_core.TestDriverAvailability" name="test_set_driver_unavailable" time="0.662" /><testcase classname="backend.tests.test_airport_fares_and_core.TestDriverAvailability" name="test_passenger_cannot_update_availability" time="0.601" /><testcase classname="backend.tests.test_airport_fares_and_core.TestRideCreation" name="test_create_ride" time="0.484" /><testcase classname="backend.tests.test_airport_fares_and_core.TestRideCreation" name="test_get_active_ride" time="0.494" /><testcase classname="backend.tests.test_airport_fares_and_core.TestWalletBalance" name="test_get_wallet_balance" time="0.463" /><testcase classname="backend.tests.test_airport_fares_and_core.TestWalletBalance" name="test_wallet_requires_auth" time="0.105" /><testcase classname="backend.tests.test_airport_fares_and_core.TestAdminPromoCodes" name="test_get_promo_codes_list" time="0.488" /><testcase classname="backend.tests.test_airport_fares_and_core.TestAdminPromoCodes" name="test_create_promo_code" time="0.491"><failure message="AssertionError: assert None == 'TEST1397'&#10; +  where None = &lt;built-in method get of dict object at 0xff08e3a766c0&gt;('code')&#10; +    where &lt;built-in method get of dict object at 0xff08e3a766c0&gt; = {'promo': {'code': 'TEST1397', 'created_at': '2026-03-01T17:11:46.282553+00:00', 'created_by': '776fb2af-8f50-4ad2-9fa7-cc36da040a33', 'discount_percent': 10, ...}, 'status': 'ok'}.get">backend/tests/test_airport_fares_and_core.py:439: in test_create_promo_code
    assert data.get("code") == code
E   AssertionError: assert None == 'TEST1397'
E    +  where None = &lt;built-in method get of dict object at 0xff08e3a766c0&gt;('code')
E    +    where &lt;built-in method get of dict object at 0xff08e3a766c0&gt; = {'promo': {'code': 'TEST1397', 'created_at': '2026-03-01T17:11:46.282553+00:00', 'created_by': '776fb2af-8f50-4ad2-9fa7-cc36da040a33', 'discount_percent': 10, ...}, 'status': 'ok'}.get</failure></testcase><testcase classname="backend.tests.test_airport_fares_and_core.TestAdminPromoCodes" name="test_non_admin_cannot_access_promo_codes" time="0.560" /><testcase classname="backend.tests.test_airport_fares_and_core.TestAvailableDrivers" name="test_get_available_drivers" time="0.468" /></testsuite></testsuites>