<?xml version="1.0" encoding="utf-8"?><testsuites name="pytest tests"><testsuite name="pytest" errors="0" failures="0" skipped="0" tests="12" time="3.595" timestamp="2026-03-01T13:55:33.055470+00:00" hostname="agent-env-18d733df-ec33-40bd-ba6f-f6f6042c7883"><testcase classname="backend.tests.test_intermediate_stops.TestIntermediateStopsEstimate" name="test_estimate_without_stops_returns_base_fare" time="0.269" /><testcase classname="backend.tests.test_intermediate_stops.TestIntermediateStopsEstimate" name="test_estimate_with_one_stop_adds_3_euro_supplement" time="0.104" /><testcase classname="backend.tests.test_intermediate_stops.TestIntermediateStopsEstimate" name="test_estimate_with_two_stops_adds_6_euro_supplement" time="0.239" /><testcase classname="backend.tests.test_intermediate_stops.TestIntermediateStopsEstimate" name="test_estimate_with_three_stops_adds_9_euro_supplement" time="0.096" /><testcase classname="backend.tests.test_intermediate_stops.TestIntermediateStopsEstimate" name="test_estimate_with_stops_includes_stop_distances" time="0.095" /><testcase classname="backend.tests.test_intermediate_stops.TestIntermediateStopsEstimate" name="test_estimate_distance_with_stops_greater_than_direct" time="0.170" /><testcase classname="backend.tests.test_intermediate_stops.TestIntermediateStopsRideCreation" name="test_create_ride_with_stops_requires_auth" time="0.122" /><testcase classname="backend.tests.test_intermediate_stops.TestIntermediateStopsRideCreation" name="test_create_ride_with_one_stop" time="0.613" /><testcase classname="backend.tests.test_intermediate_stops.TestIntermediateStopsRideCreation" name="test_create_ride_with_multiple_stops" time="0.503" /><testcase classname="backend.tests.test_intermediate_stops.TestIntermediateStopsRideCreation" name="test_create_ride_without_stops_still_works" time="0.517" /><testcase classname="backend.tests.test_intermediate_stops.TestIntermediateStopsRideCreation" name="test_get_ride_includes_stops" time="0.548" /><testcase classname="backend.tests.test_intermediate_stops.TestFareCalculationWithStops" name="test_fare_difference_equals_stop_supplement" time="0.178" /></testsuite></testsuites>