<?xml version="1.0" encoding="utf-8"?><testsuites name="pytest tests"><testsuite name="pytest" errors="0" failures="2" skipped="0" tests="12" time="7.817" timestamp="2026-02-25T15:52:40.980469+00:00" hostname="agent-env-18d733df-ec33-40bd-ba6f-f6f6042c7883"><testcase classname="backend.tests.test_e2e_payment_flow.TestE2EPaymentFlow" name="test_01_passenger_login" time="0.516" /><testcase classname="backend.tests.test_e2e_payment_flow.TestE2EPaymentFlow" name="test_02_driver_login" time="0.350" /><testcase classname="backend.tests.test_e2e_payment_flow.TestE2EPaymentFlow" name="test_03_driver_go_online" time="0.407" /><testcase classname="backend.tests.test_e2e_payment_flow.TestE2EPaymentFlow" name="test_04_passenger_create_ride" time="0.415" /><testcase classname="backend.tests.test_e2e_payment_flow.TestE2EPaymentFlow" name="test_05_driver_accept_ride" time="0.737" /><testcase classname="backend.tests.test_e2e_payment_flow.TestE2EPaymentFlow" name="test_06_driver_start_ride" time="0.542" /><testcase classname="backend.tests.test_e2e_payment_flow.TestE2EPaymentFlow" name="test_07_driver_complete_ride" time="0.551" /><testcase classname="backend.tests.test_e2e_payment_flow.TestE2EPaymentFlow" name="test_08_passenger_initiate_payment" time="0.864"><failure message="AssertionError: Failed to create payment intent: {&quot;detail&quot;:&quot;Erreur de paiement: Invalid API Key provided: sk_test_****gent&quot;}&#10;assert 500 == 200&#10; +  where 500 = &lt;Response [500]&gt;.status_code">backend/tests/test_e2e_payment_flow.py:250: in test_08_passenger_initiate_payment
    assert response.status_code == 200, f"Failed to create payment intent: {response.text}"
E   AssertionError: Failed to create payment intent: {"detail":"Erreur de paiement: Invalid API Key provided: sk_test_****gent"}
E   assert 500 == 200
E    +  where 500 = &lt;Response [500]&gt;.status_code</failure></testcase><testcase classname="backend.tests.test_e2e_payment_flow.TestE2EPaymentFlow" name="test_full_e2e_flow" time="2.381"><failure message="AssertionError: Failed to create payment intent: {&quot;detail&quot;:&quot;Erreur de paiement: Invalid API Key provided: sk_test_****gent&quot;}&#10;assert 500 == 200&#10; +  where 500 = &lt;Response [500]&gt;.status_code">backend/tests/test_e2e_payment_flow.py:313: in test_full_e2e_flow
    payment_data = self.test_08_passenger_initiate_payment(ride_id, passenger_token)
                   ^^^^^^^^^^^^^^^^^^^^^^^^^^^^^^^^^^^^^^^^^^^^^^^^^^^^^^^^^^^^^^^^^
backend/tests/test_e2e_payment_flow.py:250: in test_08_passenger_initiate_payment
    assert response.status_code == 200, f"Failed to create payment intent: {response.text}"
E   AssertionError: Failed to create payment intent: {"detail":"Erreur de paiement: Invalid API Key provided: sk_test_****gent"}
E   assert 500 == 200
E    +  where 500 = &lt;Response [500]&gt;.status_code</failure></testcase><testcase classname="backend.tests.test_e2e_payment_flow.TestAPIEndpoints" name="test_fare_estimate" time="0.087" /><testcase classname="backend.tests.test_e2e_payment_flow.TestAPIEndpoints" name="test_available_drivers" time="0.415" /><testcase classname="backend.tests.test_e2e_payment_flow.TestAPIEndpoints" name="test_payment_history" time="0.417" /></testsuite></testsuites>