<?xml version="1.0" encoding="utf-8"?><testsuites name="pytest tests"><testsuite name="pytest" errors="0" failures="0" skipped="0" tests="16" time="9.665" timestamp="2026-03-01T14:38:13.883553+00:00" hostname="agent-env-18d733df-ec33-40bd-ba6f-f6f6042c7883"><testcase classname="backend.tests.test_wallet.TestWalletEndpoints" name="test_wallet_balance_returns_200" time="0.695" /><testcase classname="backend.tests.test_wallet.TestWalletEndpoints" name="test_wallet_balance_structure" time="0.356" /><testcase classname="backend.tests.test_wallet.TestWalletEndpoints" name="test_wallet_balance_requires_auth" time="0.406" /><testcase classname="backend.tests.test_wallet.TestWalletEndpoints" name="test_wallet_transactions_returns_200" time="0.388" /><testcase classname="backend.tests.test_wallet.TestWalletEndpoints" name="test_wallet_transactions_structure" time="0.443" /><testcase classname="backend.tests.test_wallet.TestWalletEndpoints" name="test_wallet_transactions_pagination" time="0.553" /><testcase classname="backend.tests.test_wallet.TestWalletEndpoints" name="test_wallet_transactions_requires_auth" time="0.447" /><testcase classname="backend.tests.test_wallet.TestWalletEndpoints" name="test_wallet_topup_creates_payment_intent" time="0.986" /><testcase classname="backend.tests.test_wallet.TestWalletEndpoints" name="test_wallet_topup_validates_minimum_amount" time="0.349" /><testcase classname="backend.tests.test_wallet.TestWalletEndpoints" name="test_wallet_topup_validates_maximum_amount" time="0.480" /><testcase classname="backend.tests.test_wallet.TestWalletEndpoints" name="test_wallet_topup_accepts_valid_amounts" time="1.775" /><testcase classname="backend.tests.test_wallet.TestWalletEndpoints" name="test_wallet_topup_requires_auth" time="0.512" /><testcase classname="backend.tests.test_wallet.TestWalletEndpoints" name="test_wallet_pay_requires_auth" time="0.442" /><testcase classname="backend.tests.test_wallet.TestWalletEndpoints" name="test_wallet_pay_validates_ride_exists" time="0.393" /><testcase classname="backend.tests.test_wallet.TestWalletIntegration" name="test_wallet_in_payment_method_selector_available" time="0.449" /><testcase classname="backend.tests.test_wallet.TestWalletIntegration" name="test_saved_cards_endpoint_works" time="0.874" /></testsuite></testsuites>