<?xml version="1.0" encoding="utf-8"?><testsuites name="pytest tests"><testsuite name="pytest" errors="0" failures="0" skipped="0" tests="24" time="9.930" timestamp="2026-03-01T17:12:02.993559+00:00" hostname="agent-env-18d733df-ec33-40bd-ba6f-f6f6042c7883"><testcase classname="backend.tests.test_airport_fares_and_core.TestApiHealth" name="test_api_root" time="0.188" /><testcase classname="backend.tests.test_airport_fares_and_core.TestAuthentication" name="test_passenger_login" time="0.479" /><testcase classname="backend.tests.test_airport_fares_and_core.TestAuthentication" name="test_driver_login" time="0.479" /><testcase classname="backend.tests.test_airport_fares_and_core.TestAuthentication" name="test_admin_login" time="0.404" /><testcase classname="backend.tests.test_airport_fares_and_core.TestAuthentication" name="test_invalid_login" time="0.089" /><testcase classname="backend.tests.test_airport_fares_and_core.TestAuthentication" name="test_auth_me_endpoint" time="0.412" /><testcase classname="backend.tests.test_airport_fares_and_core.TestTaxiAirportFlatRates" name="test_tour_eiffel_to_cdg_is_rive_gauche" time="1.471" /><testcase classname="backend.tests.test_airport_fares_and_core.TestTaxiAirportFlatRates" name="test_champs_elysees_to_cdg_is_rive_droite" time="0.114" /><testcase classname="backend.tests.test_airport_fares_and_core.TestTaxiAirportFlatRates" name="test_orly_to_paris_rive_droite" time="0.128" /><testcase classname="backend.tests.test_airport_fares_and_core.TestTaxiAirportFlatRates" name="test_orly_to_paris_rive_gauche" time="0.119" /><testcase classname="backend.tests.test_airport_fares_and_core.TestTaxiAirportFlatRates" name="test_cdg_to_tour_eiffel_reverse_direction" time="0.105" /><testcase classname="backend.tests.test_airport_fares_and_core.TestVTCFareEstimation" name="test_vtc_standard_fare" time="0.088" /><testcase classname="backend.tests.test_airport_fares_and_core.TestVTCFareEstimation" name="test_vtc_van_fare" time="0.093" /><testcase classname="backend.tests.test_airport_fares_and_core.TestDriverAvailability" name="test_set_driver_available" time="0.506" /><testcase classname="backend.tests.test_airport_fares_and_core.TestDriverAvailability" name="test_set_driver_unavailable" time="0.549" /><testcase classname="backend.tests.test_airport_fares_and_core.TestDriverAvailability" name="test_passenger_cannot_update_availability" time="0.626" /><testcase classname="backend.tests.test_airport_fares_and_core.TestRideCreation" name="test_create_ride" time="0.627" /><testcase classname="backend.tests.test_airport_fares_and_core.TestRideCreation" name="test_get_active_ride" time="0.519" /><testcase classname="backend.tests.test_airport_fares_and_core.TestWalletBalance" name="test_get_wallet_balance" time="0.473" /><testcase classname="backend.tests.test_airport_fares_and_core.TestWalletBalance" name="test_wallet_requires_auth" time="0.101" /><testcase classname="backend.tests.test_airport_fares_and_core.TestAdminPromoCodes" name="test_get_promo_codes_list" time="0.497" /><testcase classname="backend.tests.test_airport_fares_and_core.TestAdminPromoCodes" name="test_create_promo_code" time="0.527" /><testcase classname="backend.tests.test_airport_fares_and_core.TestAdminPromoCodes" name="test_non_admin_cannot_access_promo_codes" time="0.542" /><testcase classname="backend.tests.test_airport_fares_and_core.TestAvailableDrivers" name="test_get_available_drivers" time="0.639" /></testsuite></testsuites>