<?xml version="1.0" encoding="utf-8"?><testsuites name="pytest tests"><testsuite name="pytest" errors="0" failures="0" skipped="0" tests="13" time="7.390" timestamp="2026-03-01T13:44:50.055860+00:00" hostname="agent-env-18d733df-ec33-40bd-ba6f-f6f6042c7883"><testcase classname="backend.tests.test_saved_cards_payments.TestSavedCardsPayments" name="test_create_setup_intent_success" time="1.094" /><testcase classname="backend.tests.test_saved_cards_payments.TestSavedCardsPayments" name="test_setup_intent_requires_auth" time="0.404" /><testcase classname="backend.tests.test_saved_cards_payments.TestSavedCardsPayments" name="test_get_saved_cards_success" time="0.853" /><testcase classname="backend.tests.test_saved_cards_payments.TestSavedCardsPayments" name="test_saved_cards_requires_auth" time="0.565" /><testcase classname="backend.tests.test_saved_cards_payments.TestSavedCardsPayments" name="test_delete_nonexistent_card" time="0.681" /><testcase classname="backend.tests.test_saved_cards_payments.TestSavedCardsPayments" name="test_delete_card_requires_auth" time="0.412" /><testcase classname="backend.tests.test_saved_cards_payments.TestSavedCardsPayments" name="test_set_default_nonexistent_card" time="0.611" /><testcase classname="backend.tests.test_saved_cards_payments.TestSavedCardsPayments" name="test_set_default_requires_auth" time="0.461" /><testcase classname="backend.tests.test_saved_cards_payments.TestSavedCardsPayments" name="test_pay_with_saved_card_invalid_ride" time="0.429" /><testcase classname="backend.tests.test_saved_cards_payments.TestSavedCardsPayments" name="test_pay_with_saved_card_requires_auth" time="0.407" /><testcase classname="backend.tests.test_saved_cards_payments.TestSavedCardsPayments" name="test_pay_with_saved_card_missing_fields" time="0.465" /><testcase classname="backend.tests.test_saved_cards_payments.TestPaymentIntentFlow" name="test_create_payment_intent_invalid_ride" time="0.378" /><testcase classname="backend.tests.test_saved_cards_payments.TestPaymentIntentFlow" name="test_create_payment_intent_requires_auth" time="0.411" /></testsuite></testsuites>